android/app/build/outputs/logs/manifest-merger-release-report.txt
-- Merging decision tree log ---
manifest
ADDED from src\main\AndroidManifest.xml:2:1-24:12
INJECTED from src\main\AndroidManifest.xml:2:1-24:12
INJECTED from src\main\AndroidManifest.xml:2:1-24:12
INJECTED from src\main\AndroidManifest.xml:2:1-24:12
MERGED from [:CordovaLib] AndroidManifest.xml:20:1-27:12
INJECTED from src\main\AndroidManifest.xml:2:1-24:12
INJECTED from src\main\AndroidManifest.xml:2:1-24:12
INJECTED from src\main\AndroidManifest.xml:2:1-24:12
	package
		ADDED from src\main\AndroidManifest.xml:5:3-29
		INJECTED from src\main\AndroidManifest.xml
		INJECTED from src\main\AndroidManifest.xml
	android:versionName
		ADDED from src\main\AndroidManifest.xml:4:3-30
		INJECTED from src\main\AndroidManifest.xml
		INJECTED from src\main\AndroidManifest.xml
	android:hardwareAccelerated
		ADDED from src\main\AndroidManifest.xml:2:11-45
	xmlns:android
		ADDED from src\main\AndroidManifest.xml:6:3-61
	android:versionCode
		ADDED from src\main\AndroidManifest.xml:3:3-26
		INJECTED from src\main\AndroidManifest.xml
		INJECTED from src\main\AndroidManifest.xml
supports-screens
ADDED from src\main\AndroidManifest.xml:8:3-13:36
	android:largeScreens
		ADDED from src\main\AndroidManifest.xml:9:5-32
	android:smallScreens
		ADDED from src\main\AndroidManifest.xml:12:5-32
	android:normalScreens
		ADDED from src\main\AndroidManifest.xml:10:5-33
	android:xlargeScreens
		ADDED from src\main\AndroidManifest.xml:13:5-33
	android:resizeable
		ADDED from src\main\AndroidManifest.xml:11:5-30
	android:anyDensity
		ADDED from src\main\AndroidManifest.xml:8:21-46
uses-permission#android.permission.INTERNET
ADDED from src\main\AndroidManifest.xml:14:5-67
	android:name
		ADDED from src\main\AndroidManifest.xml:14:22-64
application
ADDED from src\main\AndroidManifest.xml:15:5-22:19
	android:supportsRtl
		ADDED from src\main\AndroidManifest.xml:15:118-144
	android:label
		ADDED from src\main\AndroidManifest.xml:15:85-117
	android:hardwareAccelerated
		ADDED from src\main\AndroidManifest.xml:15:18-52
	android:icon
		ADDED from src\main\AndroidManifest.xml:15:53-84
activity#io.ionic.starter.MainActivity
ADDED from src\main\AndroidManifest.xml:16:9-21:20
	android:label
		ADDED from src\main\AndroidManifest.xml:16:97-134
	android:launchMode
		ADDED from src\main\AndroidManifest.xml:16:135-165
	android:windowSoftInputMode
		ADDED from src\main\AndroidManifest.xml:16:257-299
	android:configChanges
		ADDED from src\main\AndroidManifest.xml:16:19-96
	android:theme
		ADDED from src\main\AndroidManifest.xml:16:194-256
	android:name
		ADDED from src\main\AndroidManifest.xml:16:166-193
intent-filter#android.intent.action.MAIN+android.intent.category.LAUNCHER
ADDED from src\main\AndroidManifest.xml:17:13-20:29
	android:label
		ADDED from src\main\AndroidManifest.xml:17:28-65
action#android.intent.action.MAIN
ADDED from src\main\AndroidManifest.xml:18:17-69
	android:name
		ADDED from src\main\AndroidManifest.xml:18:25-66
category#android.intent.category.LAUNCHER
ADDED from src\main\AndroidManifest.xml:19:17-77
	android:name
		ADDED from src\main\AndroidManifest.xml:19:27-74
uses-sdk
ADDED from src\main\AndroidManifest.xml:23:5-74
MERGED from [:CordovaLib] AndroidManifest.xml:25:5-44
MERGED from [:CordovaLib] AndroidManifest.xml:25:5-44
	android:targetSdkVersion
		ADDED from src\main\AndroidManifest.xml:23:42-71
	android:minSdkVersion
		ADDED from src\main\AndroidManifest.xml:23:15-41